<?xml version="1.0" encoding="UTF-8"?>
<!-- Generated by org.testng.reporters.JUnitReportReporter -->
<testsuite hostname="WIN-I3ER5BODP63" failures="0" tests="1" name="Maven_testng.Maven_testng.NewTest" time="18.370" errors="0" timestamp="2023-09-27T15:57:51 IST" skipped="0">
  <testcase classname="Maven_testng.Maven_testng.NewTest" name="f" time="18.370"/>
</testsuite> <!-- Maven_testng.Maven_testng.NewTest -->
